---- light / ericw-tools v0.18.1 ----
Raytracing backend: Embree
running with 8 threads
LoadBSPFile: 'citydungeon.bsp'
BSP is version 29
--- LoadEntities ---
66 entities read, 46 are lights.
--- OptionsSummary ---
Embree_TraceInit: Embree version: 2.15.0
Embree_TraceInit:
	0 sky faces
	3677 solid faces
	0 filtered faces
	0 shadow-casting skip faces
SetupLights: 46 initial lights
SetupLights: 46 after surface lights
SetupLights: 46 after jittering
--- EstimateLightVisibility ---
0....1....2....3....4....5....6....7....8....9...
Final count: 46 lights 0 suns in use.
--- LightWorld ---
0....1....2....3....4....5....6....7....8....9....
Lighting Completed.

lightdatasize: 550546
0 switchable light styles (32 max)
Writing citydungeon.bsp as BSP version 29
0.595 seconds elapsed

stats:
3.761662 lights tested, 1.005718 hits per sample point
0.000000 bounce lights tested, 0.000000 hits per sample point
0 empty lightmaps
